<!DOCTYPE html PUBLIC "-//W3C//DTD XHTML 1.1//EN" "https://www.w3.org/TR/xhtml11/DTD/xhtml11.dtd">
<html xmlns="https://www.w3.org/1999/xhtml">
<head>
<meta http-equiv="content-type" content="text/html; charset=UTF-8"/>
<title>TestNG Report</title>
<style type="text/css">table {margin-bottom:10px;border-collapse:collapse;empty-cells:show}th,td {border:1px solid #009;padding:.25em .5em}th {vertical-align:bottom}td {vertical-align:top}table a {font-weight:bold}.stripe td {background-color: #E6EBF9}.num {text-align:right}.passedodd td {background-color: #3F3}.passedeven td {background-color: #0A0}.skippedodd td {background-color: #DDD}.skippedeven td {background-color: #CCC}.failedodd td,.attn {background-color: #F33}.failedeven td,.stripe .attn {background-color: #D00}.stacktrace {white-space:pre;font-family:monospace}.totop {font-size:85%;text-align:center;border-bottom:2px solid #000}.invisible {display:none}</style>
</head>
<body>
<table>
<tr><th>Test</th><th># Passed</th><th># Skipped</th><th># Retried</th><th># Failed</th><th>Time (ms)</th><th>Included Groups</th><th>Excluded Groups</th></tr>
<tr><th colspan="8">Suite</th></tr>
<tr><td><a href="#t0">Test</a></td><td class="num">20</td><td class="num">0</td><td class="num">0</td><td class="num attn">48</td><td class="num">679,214</td><td></td><td></td></tr>
</table>
<table id='summary'><thead><tr><th>Class</th><th>Method</th><th>Start</th><th>Time (ms)</th></tr></thead><tbody><tr><th colspan="4">Suite</th></tr></tbody><tbody id="t0"><tr><th colspan="4">Test &#8212; failed</th></tr><tr class="failedeven"><td rowspan="9">bank.testCases.BillPaymentTest_008</td><td><a href="#m0">billTest</a></td><td rowspan="9">1706344740263</td><td rowspan="9">4469</td></tr><tr class="failedeven"><td><a href="#m1">billTest</a></td></tr><tr class="failedeven"><td><a href="#m2">billTest</a></td></tr><tr class="failedeven"><td><a href="#m3">billTest</a></td></tr><tr class="failedeven"><td><a href="#m4">billTest</a></td></tr><tr class="failedeven"><td><a href="#m5">billTest</a></td></tr><tr class="failedeven"><td><a href="#m6">billTest</a></td></tr><tr class="failedeven"><td><a href="#m7">billTest</a></td></tr><tr class="failedeven"><td><a href="#m8">billTest</a></td></tr><tr class="failedodd"><td rowspan="4">bank.testCases.CustomerLoginTest_004</td><td><a href="#m9">cutomerLogin</a></td><td rowspan="4">1706344598793</td><td rowspan="4">10638</td></tr><tr class="failedodd"><td><a href="#m10">cutomerLogin</a></td></tr><tr class="failedodd"><td><a href="#m11">cutomerLogin</a></td></tr><tr class="failedodd"><td><a href="#m12">cutomerLogin</a></td></tr><tr class="failedeven"><td rowspan="10">bank.testCases.ForgotLoginTest_003</td><td><a href="#m13">forgotLogin</a></td><td rowspan="10">1706344451557</td><td rowspan="10">12022</td></tr><tr class="failedeven"><td><a href="#m14">forgotLogin</a></td></tr><tr class="failedeven"><td><a href="#m15">forgotLogin</a></td></tr><tr class="failedeven"><td><a href="#m16">forgotLogin</a></td></tr><tr class="failedeven"><td><a href="#m17">forgotLogin</a></td></tr><tr class="failedeven"><td><a href="#m18">forgotLogin</a></td></tr><tr class="failedeven"><td><a href="#m19">forgotLogin</a></td></tr><tr class="failedeven"><td><a href="#m20">forgotLogin</a></td></tr><tr class="failedeven"><td><a href="#m21">forgotLogin</a></td></tr><tr class="failedeven"><td><a href="#m22">forgotLogin</a></td></tr><tr class="failedodd"><td rowspan="5">bank.testCases.HomeTest_001</td><td><a href="#m23">customerService</a></td><td rowspan="4">1706344217006</td><td rowspan="4">13144</td></tr><tr class="failedodd"><td><a href="#m24">customerService</a></td></tr><tr class="failedodd"><td><a href="#m25">customerService</a></td></tr><tr class="failedodd"><td><a href="#m26">customerService</a></td></tr><tr class="failedodd"><td><a href="#m27">homeTest</a></td><td rowspan="1">1706344146902</td><td rowspan="1">41329</td></tr><tr class="failedeven"><td rowspan="15">bank.testCases.RegistrationTest_002</td><td><a href="#m28">registrationTest</a></td><td rowspan="15">1706344387853</td><td rowspan="15">12441</td></tr><tr class="failedeven"><td><a href="#m29">registrationTest</a></td></tr><tr class="failedeven"><td><a href="#m30">registrationTest</a></td></tr><tr class="failedeven"><td><a href="#m31">registrationTest</a></td></tr><tr class="failedeven"><td><a href="#m32">registrationTest</a></td></tr><tr class="failedeven"><td><a href="#m33">registrationTest</a></td></tr><tr class="failedeven"><td><a href="#m34">registrationTest</a></td></tr><tr class="failedeven"><td><a href="#m35">registrationTest</a></td></tr><tr class="failedeven"><td><a href="#m36">registrationTest</a></td></tr><tr class="failedeven"><td><a href="#m37">registrationTest</a></td></tr><tr class="failedeven"><td><a href="#m38">registrationTest</a></td></tr><tr class="failedeven"><td><a href="#m39">registrationTest</a></td></tr><tr class="failedeven"><td><a href="#m40">registrationTest</a></td></tr><tr class="failedeven"><td><a href="#m41">registrationTest</a></td></tr><tr class="failedeven"><td><a href="#m42">registrationTest</a></td></tr><tr class="failedodd"><td rowspan="4">bank.testCases.RequestLoanTest_011</td><td><a href="#m43">requestLoan</a></td><td rowspan="4">1706344816050</td><td rowspan="4">1874</td></tr><tr class="failedodd"><td><a href="#m44">requestLoan</a></td></tr><tr class="failedodd"><td><a href="#m45">requestLoan</a></td></tr><tr class="failedodd"><td><a href="#m46">requestLoan</a></td></tr><tr class="failedeven"><td rowspan="1">bank.testCases.TransferFundsTest_007</td><td><a href="#m47">transferFunds</a></td><td rowspan="1">1706344714292</td><td rowspan="1">1546</td></tr><tr><th colspan="4">Test &#8212; passed</th></tr><tr class="passedeven"><td rowspan="1">bank.testCases.AccountsOverviewTest_006</td><td><a href="#m48">accountsOverview</a></td><td rowspan="1">1706344683589</td><td rowspan="1">12491</td></tr><tr class="passedodd"><td rowspan="1">bank.testCases.BillPaymentTest_008</td><td><a href="#m49">billTest</a></td><td rowspan="1">1706344727151</td><td rowspan="1">4187</td></tr><tr class="passedeven"><td rowspan="1">bank.testCases.CustomerLoginTest_004</td><td><a href="#m50">cutomerLogin</a></td><td rowspan="1">1706344563986</td><td rowspan="1">2579</td></tr><tr class="passedodd"><td rowspan="1">bank.testCases.FindTransactions_009</td><td><a href="#m51">transactions</a></td><td rowspan="1">1706344779738</td><td rowspan="1">5938</td></tr><tr class="passedeven"><td rowspan="4">bank.testCases.HomeTest_001</td><td><a href="#m52">customerService</a></td><td rowspan="4">1706344191486</td><td rowspan="4">1047</td></tr><tr class="passedeven"><td><a href="#m53">customerService</a></td></tr><tr class="passedeven"><td><a href="#m54">customerService</a></td></tr><tr class="passedeven"><td><a href="#m55">customerService</a></td></tr><tr class="passedodd"><td rowspan="1">bank.testCases.OpenNewAcc_005</td><td><a href="#m56">openNewAccount</a></td><td rowspan="1">1706344619382</td><td rowspan="1">58072</td></tr><tr class="passedeven"><td rowspan="2">bank.testCases.RequestLoanTest_011</td><td><a href="#m57">logout</a></td><td rowspan="1">1706344819666</td><td rowspan="1">679</td></tr><tr class="passedeven"><td><a href="#m58">requestLoan</a></td><td rowspan="1">1706344809563</td><td rowspan="1">3016</td></tr><tr class="passedodd"><td rowspan="3">bank.testCases.TransferFundsTest_007</td><td><a href="#m59">transferFunds</a></td><td rowspan="3">1706344715838</td><td rowspan="3">5561</td></tr><tr class="passedodd"><td><a href="#m60">transferFunds</a></td></tr><tr class="passedodd"><td><a href="#m61">transferFunds</a></td></tr><tr class="passedeven"><td rowspan="6">bank.testCases.UpdateProfileTest_010</td><td><a href="#m62">updateProfileTest</a></td><td rowspan="6">1706344801559</td><td rowspan="6">1700</td></tr><tr class="passedeven"><td><a href="#m63">updateProfileTest</a></td></tr><tr class="passedeven"><td><a href="#m64">updateProfileTest</a></td></tr><tr class="passedeven"><td><a href="#m65">updateProfileTest</a></td></tr><tr class="passedeven"><td><a href="#m66">updateProfileTest</a></td></tr><tr class="passedeven"><td><a href="#m67">updateProfileTest</a></td></tr></tbody>
</table>
<h2>Test</h2><h3 id="m0">bank.testCases.BillPaymentTest_008#billTest</h3><table class="result"><tr class="param"><th>Parameter #1</th><th>Parameter #2</th><th>Parameter #3</th><th>Parameter #4</th><th>Parameter #5</th><th>Parameter #6</th><th>Parameter #7</th><th>Parameter #8</th><th>Parameter #9</th></tr><tr class="param stripe"><td></td><td>Street12</td><td>Tokyo</td><td>Delhi</td><td>234GF5</td><td>9865321470</td><td>8901093</td><td>8901093</td><td>-100</td></tr><tr><th colspan="9">Exception</th></tr><tr><td colspan="9"><div class="stacktrace">java.lang.AssertionError: expected [true] but found [false]
	at bank.testCases.BillPaymentTest_008.billTest(BillPaymentTest_008.java:58)
	at java.base/java.util.ArrayList.forEach(ArrayList.java:1596)
... Removed 29 stack frames</div></td></tr></table><p class="totop"><a href="#summary">back to summary</a></p>
<h3 id="m1">bank.testCases.BillPaymentTest_008#billTest</h3><table class="result"><tr class="param"><th>Parameter #1</th><th>Parameter #2</th><th>Parameter #3</th><th>Parameter #4</th><th>Parameter #5</th><th>Parameter #6</th><th>Parameter #7</th><th>Parameter #8</th><th>Parameter #9</th></tr><tr class="param stripe"><td>Itachi</td><td>Street12</td><td>Tokyo</td><td>Delhi</td><td>234GF5</td><td>9865321470</td><td>9901093</td><td>8901893</td><td>100</td></tr><tr><th colspan="9">Exception</th></tr><tr><td colspan="9"><div class="stacktrace">java.lang.AssertionError: expected [true] but found [false]
	at bank.testCases.BillPaymentTest_008.billTest(BillPaymentTest_008.java:53)
	at java.base/java.util.ArrayList.forEach(ArrayList.java:1596)
... Removed 29 stack frames</div></td></tr></table><p class="totop"><a href="#summary">back to summary</a></p>
<h3 id="m2">bank.testCases.BillPaymentTest_008#billTest</h3><table class="result"><tr class="param"><th>Parameter #1</th><th>Parameter #2</th><th>Parameter #3</th><th>Parameter #4</th><th>Parameter #5</th><th>Parameter #6</th><th>Parameter #7</th><th>Parameter #8</th><th>Parameter #9</th></tr><tr class="param stripe"><td>Itachi</td><td></td><td>Tokyo</td><td>Delhi</td><td>234GF5</td><td>9865321470</td><td>8901093</td><td>8901093</td><td>-100</td></tr><tr><th colspan="9">Exception</th></tr><tr><td colspan="9"><div class="stacktrace">java.lang.AssertionError: expected [true] but found [false]
	at bank.testCases.BillPaymentTest_008.billTest(BillPaymentTest_008.java:58)
	at java.base/java.util.ArrayList.forEach(ArrayList.java:1596)
... Removed 29 stack frames</div></td></tr></table><p class="totop"><a href="#summary">back to summary</a></p>
<h3 id="m3">bank.testCases.BillPaymentTest_008#billTest</h3><table class="result"><tr class="param"><th>Parameter #1</th><th>Parameter #2</th><th>Parameter #3</th><th>Parameter #4</th><th>Parameter #5</th><th>Parameter #6</th><th>Parameter #7</th><th>Parameter #8</th><th>Parameter #9</th></tr><tr class="param stripe"><td>Itachi</td><td>Street12</td><td></td><td>Delhi</td><td>234GF5</td><td>9865321470</td><td>8901093</td><td>8901093</td><td>1000</td></tr><tr><th colspan="9">Exception</th></tr><tr><td colspan="9"><div class="stacktrace">java.lang.AssertionError: expected [true] but found [false]
	at bank.testCases.BillPaymentTest_008.billTest(BillPaymentTest_008.java:53)
	at java.base/java.util.ArrayList.forEach(ArrayList.java:1596)
... Removed 29 stack frames</div></td></tr></table><p class="totop"><a href="#summary">back to summary</a></p>
<h3 id="m4">bank.testCases.BillPaymentTest_008#billTest</h3><table class="result"><tr class="param"><th>Parameter #1</th><th>Parameter #2</th><th>Parameter #3</th><th>Parameter #4</th><th>Parameter #5</th><th>Parameter #6</th><th>Parameter #7</th><th>Parameter #8</th><th>Parameter #9</th></tr><tr class="param stripe"><td>Itachi</td><td>Street12</td><td>Tokyo</td><td>Delhi</td><td>234GF5</td><td>9865321470</td><td>abcd</td><td>abcd</td><td>1000</td></tr><tr><th colspan="9">Exception</th></tr><tr><td colspan="9"><div class="stacktrace">java.lang.AssertionError: expected [true] but found [false]
	at bank.testCases.BillPaymentTest_008.billTest(BillPaymentTest_008.java:53)
	at java.base/java.util.ArrayList.forEach(ArrayList.java:1596)
... Removed 29 stack frames</div></td></tr></table><p class="totop"><a href="#summary">back to summary</a></p>
<h3 id="m5">bank.testCases.BillPaymentTest_008#billTest</h3><table class="result"><tr class="param"><th>Parameter #1</th><th>Parameter #2</th><th>Parameter #3</th><th>Parameter #4</th><th>Parameter #5</th><th>Parameter #6</th><th>Parameter #7</th><th>Parameter #8</th><th>Parameter #9</th></tr><tr class="param stripe"><td>Itachi</td><td>Street12</td><td>  </td><td>Delhi</td><td> </td><td>9865321470</td><td>8901093</td><td>8901093</td><td>1000</td></tr><tr><th colspan="9">Exception</th></tr><tr><td colspan="9"><div class="stacktrace">java.lang.AssertionError: expected [true] but found [false]
	at bank.testCases.BillPaymentTest_008.billTest(BillPaymentTest_008.java:53)
	at java.base/java.util.ArrayList.forEach(ArrayList.java:1596)
... Removed 29 stack frames</div></td></tr></table><p class="totop"><a href="#summary">back to summary</a></p>
<h3 id="m6">bank.testCases.BillPaymentTest_008#billTest</h3><table class="result"><tr class="param"><th>Parameter #1</th><th>Parameter #2</th><th>Parameter #3</th><th>Parameter #4</th><th>Parameter #5</th><th>Parameter #6</th><th>Parameter #7</th><th>Parameter #8</th><th>Parameter #9</th></tr><tr class="param stripe"><td>Itachi</td><td>Street12</td><td>Tokyo</td><td>Delhi</td><td>234GF5</td><td>9865321470</td><td>8901093</td><td>  </td><td>10</td></tr><tr><th colspan="9">Exception</th></tr><tr><td colspan="9"><div class="stacktrace">java.lang.AssertionError: expected [true] but found [false]
	at bank.testCases.BillPaymentTest_008.billTest(BillPaymentTest_008.java:53)
	at java.base/java.util.ArrayList.forEach(ArrayList.java:1596)
... Removed 29 stack frames</div></td></tr></table><p class="totop"><a href="#summary">back to summary</a></p>
<h3 id="m7">bank.testCases.BillPaymentTest_008#billTest</h3><table class="result"><tr class="param"><th>Parameter #1</th><th>Parameter #2</th><th>Parameter #3</th><th>Parameter #4</th><th>Parameter #5</th><th>Parameter #6</th><th>Parameter #7</th><th>Parameter #8</th><th>Parameter #9</th></tr><tr class="param stripe"><td>Itachi</td><td>Street12</td><td>Tokyo</td><td>Delhi</td><td>234GF5</td><td>9865321470</td><td>8901093</td><td>8901093</td><td>-100</td></tr><tr><th colspan="9">Exception</th></tr><tr><td colspan="9"><div class="stacktrace">java.lang.AssertionError: expected [true] but found [false]
	at bank.testCases.BillPaymentTest_008.billTest(BillPaymentTest_008.java:58)
	at java.base/java.util.ArrayList.forEach(ArrayList.java:1596)
... Removed 29 stack frames</div></td></tr></table><p class="totop"><a href="#summary">back to summary</a></p>
<h3 id="m8">bank.testCases.BillPaymentTest_008#billTest</h3><table class="result"><tr class="param"><th>Parameter #1</th><th>Parameter #2</th><th>Parameter #3</th><th>Parameter #4</th><th>Parameter #5</th><th>Parameter #6</th><th>Parameter #7</th><th>Parameter #8</th><th>Parameter #9</th></tr><tr class="param stripe"><td></td><td></td><td></td><td></td><td></td><td></td><td></td><td></td><td>10</td></tr><tr><th colspan="9">Exception</th></tr><tr><td colspan="9"><div class="stacktrace">java.lang.AssertionError: expected [true] but found [false]
	at bank.testCases.BillPaymentTest_008.billTest(BillPaymentTest_008.java:53)
	at java.base/java.util.ArrayList.forEach(ArrayList.java:1596)
... Removed 29 stack frames</div></td></tr></table><p class="totop"><a href="#summary">back to summary</a></p>
<h3 id="m9">bank.testCases.CustomerLoginTest_004#cutomerLogin</h3><table class="result"><tr class="param"><th>Parameter #1</th><th>Parameter #2</th></tr><tr class="param stripe"><td></td><td></td></tr><tr><th colspan="2">Exception</th></tr><tr><td colspan="2"><div class="stacktrace">java.lang.AssertionError: expected [true] but found [false]
	at bank.testCases.CustomerLoginTest_004.cutomerLogin(CustomerLoginTest_004.java:32)
	at java.base/java.util.ArrayList.forEach(ArrayList.java:1596)
... Removed 29 stack frames</div></td></tr></table><p class="totop"><a href="#summary">back to summary</a></p>
<h3 id="m10">bank.testCases.CustomerLoginTest_004#cutomerLogin</h3><table class="result"><tr class="param"><th>Parameter #1</th><th>Parameter #2</th></tr><tr class="param stripe"><td>naruto</td><td></td></tr><tr><th colspan="2">Exception</th></tr><tr><td colspan="2"><div class="stacktrace">java.lang.AssertionError: expected [true] but found [false]
	at bank.testCases.CustomerLoginTest_004.cutomerLogin(CustomerLoginTest_004.java:32)
	at java.base/java.util.ArrayList.forEach(ArrayList.java:1596)
... Removed 29 stack frames</div></td></tr></table><p class="totop"><a href="#summary">back to summary</a></p>
<h3 id="m11">bank.testCases.CustomerLoginTest_004#cutomerLogin</h3><table class="result"><tr class="param"><th>Parameter #1</th><th>Parameter #2</th></tr><tr class="param stripe"><td>  </td><td>  </td></tr><tr><th colspan="2">Exception</th></tr><tr><td colspan="2"><div class="stacktrace">java.lang.AssertionError: expected [true] but found [false]
	at bank.testCases.CustomerLoginTest_004.cutomerLogin(CustomerLoginTest_004.java:32)
	at java.base/java.util.ArrayList.forEach(ArrayList.java:1596)
... Removed 29 stack frames</div></td></tr></table><p class="totop"><a href="#summary">back to summary</a></p>
<h3 id="m12">bank.testCases.CustomerLoginTest_004#cutomerLogin</h3><table class="result"><tr class="param"><th>Parameter #1</th><th>Parameter #2</th></tr><tr class="param stripe"><td></td><td>naruto</td></tr><tr><th colspan="2">Exception</th></tr><tr><td colspan="2"><div class="stacktrace">java.lang.AssertionError: expected [true] but found [false]
	at bank.testCases.CustomerLoginTest_004.cutomerLogin(CustomerLoginTest_004.java:32)
	at java.base/java.util.ArrayList.forEach(ArrayList.java:1596)
... Removed 29 stack frames</div></td></tr></table><p class="totop"><a href="#summary">back to summary</a></p>
<h3 id="m13">bank.testCases.ForgotLoginTest_003#forgotLogin</h3><table class="result"><tr class="param"><th>Parameter #1</th><th>Parameter #2</th><th>Parameter #3</th><th>Parameter #4</th><th>Parameter #5</th><th>Parameter #6</th><th>Parameter #7</th></tr><tr class="param stripe"><td>Hinata</td><td>Uzumaki</td><td>Japan</td><td>Tokyo2</td><td>Shimsham</td><td>AD989I</td><td>minato</td></tr><tr><th colspan="7">Exception</th></tr><tr><td colspan="7"><div class="stacktrace">java.lang.AssertionError: expected [true] but found [false]
	at bank.testCases.ForgotLoginTest_003.forgotLogin(ForgotLoginTest_003.java:40)
	at java.base/java.util.ArrayList.forEach(ArrayList.java:1596)
... Removed 29 stack frames</div></td></tr></table><p class="totop"><a href="#summary">back to summary</a></p>
<h3 id="m14">bank.testCases.ForgotLoginTest_003#forgotLogin</h3><table class="result"><tr class="param"><th>Parameter #1</th><th>Parameter #2</th><th>Parameter #3</th><th>Parameter #4</th><th>Parameter #5</th><th>Parameter #6</th><th>Parameter #7</th></tr><tr class="param stripe"><td></td><td></td><td></td><td></td><td></td><td></td><td></td></tr><tr><th colspan="7">Exception</th></tr><tr><td colspan="7"><div class="stacktrace">java.lang.AssertionError: expected [true] but found [false]
	at bank.testCases.ForgotLoginTest_003.forgotLogin(ForgotLoginTest_003.java:40)
	at java.base/java.util.ArrayList.forEach(ArrayList.java:1596)
... Removed 29 stack frames</div></td></tr></table><p class="totop"><a href="#summary">back to summary</a></p>
<h3 id="m15">bank.testCases.ForgotLoginTest_003#forgotLogin</h3><table class="result"><tr class="param"><th>Parameter #1</th><th>Parameter #2</th><th>Parameter #3</th><th>Parameter #4</th><th>Parameter #5</th><th>Parameter #6</th><th>Parameter #7</th></tr><tr class="param stripe"><td>  </td><td>  </td><td>   </td><td>   </td><td>   </td><td>   </td><td>   </td></tr><tr><th colspan="7">Exception</th></tr><tr><td colspan="7"><div class="stacktrace">java.lang.AssertionError: expected [true] but found [false]
	at bank.testCases.ForgotLoginTest_003.forgotLogin(ForgotLoginTest_003.java:40)
	at java.base/java.util.ArrayList.forEach(ArrayList.java:1596)
... Removed 29 stack frames</div></td></tr></table><p class="totop"><a href="#summary">back to summary</a></p>
<h3 id="m16">bank.testCases.ForgotLoginTest_003#forgotLogin</h3><table class="result"><tr class="param"><th>Parameter #1</th><th>Parameter #2</th><th>Parameter #3</th><th>Parameter #4</th><th>Parameter #5</th><th>Parameter #6</th><th>Parameter #7</th></tr><tr class="param stripe"><td>Naruto</td><td>Uzumaki1</td><td></td><td>Tokyo</td><td>Shimsham</td><td>AD98IO</td><td>minato</td></tr><tr><th colspan="7">Exception</th></tr><tr><td colspan="7"><div class="stacktrace">java.lang.AssertionError: expected [true] but found [false]
	at bank.testCases.ForgotLoginTest_003.forgotLogin(ForgotLoginTest_003.java:40)
	at java.base/java.util.ArrayList.forEach(ArrayList.java:1596)
... Removed 29 stack frames</div></td></tr></table><p class="totop"><a href="#summary">back to summary</a></p>
<h3 id="m17">bank.testCases.ForgotLoginTest_003#forgotLogin</h3><table class="result"><tr class="param"><th>Parameter #1</th><th>Parameter #2</th><th>Parameter #3</th><th>Parameter #4</th><th>Parameter #5</th><th>Parameter #6</th><th>Parameter #7</th></tr><tr class="param stripe"><td>Naruto</td><td>Uzumaki</td><td>Japan</td><td>Tokyo</td><td></td><td>AD98IO</td><td>minato</td></tr><tr><th colspan="7">Exception</th></tr><tr><td colspan="7"><div class="stacktrace">java.lang.AssertionError: expected [true] but found [false]
	at bank.testCases.ForgotLoginTest_003.forgotLogin(ForgotLoginTest_003.java:40)
	at java.base/java.util.ArrayList.forEach(ArrayList.java:1596)
... Removed 29 stack frames</div></td></tr></table><p class="totop"><a href="#summary">back to summary</a></p>
<h3 id="m18">bank.testCases.ForgotLoginTest_003#forgotLogin</h3><table class="result"><tr class="param"><th>Parameter #1</th><th>Parameter #2</th><th>Parameter #3</th><th>Parameter #4</th><th>Parameter #5</th><th>Parameter #6</th><th>Parameter #7</th></tr><tr class="param stripe"><td>Naruto</td><td></td><td>Japan1</td><td>Tokyo</td><td>Shimsham</td><td>AD98IO</td><td>minato</td></tr><tr><th colspan="7">Exception</th></tr><tr><td colspan="7"><div class="stacktrace">java.lang.AssertionError: expected [true] but found [false]
	at bank.testCases.ForgotLoginTest_003.forgotLogin(ForgotLoginTest_003.java:40)
	at java.base/java.util.ArrayList.forEach(ArrayList.java:1596)
... Removed 29 stack frames</div></td></tr></table><p class="totop"><a href="#summary">back to summary</a></p>
<h3 id="m19">bank.testCases.ForgotLoginTest_003#forgotLogin</h3><table class="result"><tr class="param"><th>Parameter #1</th><th>Parameter #2</th><th>Parameter #3</th><th>Parameter #4</th><th>Parameter #5</th><th>Parameter #6</th><th>Parameter #7</th></tr><tr class="param stripe"><td>Naruto</td><td>Uzumaki2</td><td>Japan</td><td>Tokyo</td><td>Shimsham</td><td></td><td>minato</td></tr><tr><th colspan="7">Exception</th></tr><tr><td colspan="7"><div class="stacktrace">java.lang.AssertionError: expected [true] but found [false]
	at bank.testCases.ForgotLoginTest_003.forgotLogin(ForgotLoginTest_003.java:40)
	at java.base/java.util.ArrayList.forEach(ArrayList.java:1596)
... Removed 29 stack frames</div></td></tr></table><p class="totop"><a href="#summary">back to summary</a></p>
<h3 id="m20">bank.testCases.ForgotLoginTest_003#forgotLogin</h3><table class="result"><tr class="param"><th>Parameter #1</th><th>Parameter #2</th><th>Parameter #3</th><th>Parameter #4</th><th>Parameter #5</th><th>Parameter #6</th><th>Parameter #7</th></tr><tr class="param stripe"><td>Naruto</td><td>Uzumaki</td><td>Japan</td><td></td><td>Shimsham</td><td>AD98IO</td><td>minato</td></tr><tr><th colspan="7">Exception</th></tr><tr><td colspan="7"><div class="stacktrace">java.lang.AssertionError: expected [true] but found [false]
	at bank.testCases.ForgotLoginTest_003.forgotLogin(ForgotLoginTest_003.java:40)
	at java.base/java.util.ArrayList.forEach(ArrayList.java:1596)
... Removed 29 stack frames</div></td></tr></table><p class="totop"><a href="#summary">back to summary</a></p>
<h3 id="m21">bank.testCases.ForgotLoginTest_003#forgotLogin</h3><table class="result"><tr class="param"><th>Parameter #1</th><th>Parameter #2</th><th>Parameter #3</th><th>Parameter #4</th><th>Parameter #5</th><th>Parameter #6</th><th>Parameter #7</th></tr><tr class="param stripe"><td>Naruto3</td><td>Uzumaki</td><td>Japan</td><td>Tokyo</td><td>Shimsham</td><td>AD98IO</td><td></td></tr><tr><th colspan="7">Exception</th></tr><tr><td colspan="7"><div class="stacktrace">java.lang.AssertionError: expected [true] but found [false]
	at bank.testCases.ForgotLoginTest_003.forgotLogin(ForgotLoginTest_003.java:40)
	at java.base/java.util.ArrayList.forEach(ArrayList.java:1596)
... Removed 29 stack frames</div></td></tr></table><p class="totop"><a href="#summary">back to summary</a></p>
<h3 id="m22">bank.testCases.ForgotLoginTest_003#forgotLogin</h3><table class="result"><tr class="param"><th>Parameter #1</th><th>Parameter #2</th><th>Parameter #3</th><th>Parameter #4</th><th>Parameter #5</th><th>Parameter #6</th><th>Parameter #7</th></tr><tr class="param stripe"><td>Naruto</td><td>Uzumaki</td><td>Japan</td><td>Tokyo</td><td>Shimsham</td><td>AD98IO</td><td>minato</td></tr><tr><th colspan="7">Exception</th></tr><tr><td colspan="7"><div class="stacktrace">java.lang.AssertionError: expected [true] but found [false]
	at bank.testCases.ForgotLoginTest_003.forgotLogin(ForgotLoginTest_003.java:40)
	at java.base/java.util.ArrayList.forEach(ArrayList.java:1596)
... Removed 29 stack frames</div></td></tr></table><p class="totop"><a href="#summary">back to summary</a></p>
<h3 id="m23">bank.testCases.HomeTest_001#customerService</h3><table class="result"><tr class="param"><th>Parameter #1</th><th>Parameter #2</th><th>Parameter #3</th><th>Parameter #4</th></tr><tr class="param stripe"><td>hinata</td><td>hinata345@gmail.com</td><td>999999999</td><td></td></tr><tr><th colspan="4">Exception</th></tr><tr><td colspan="4"><div class="stacktrace">java.lang.AssertionError: expected [true] but found [false]
	at bank.testCases.HomeTest_001.customerService(HomeTest_001.java:64)
	at java.base/java.util.ArrayList.forEach(ArrayList.java:1596)
... Removed 29 stack frames</div></td></tr></table><p class="totop"><a href="#summary">back to summary</a></p>
<h3 id="m24">bank.testCases.HomeTest_001#customerService</h3><table class="result"><tr class="param"><th>Parameter #1</th><th>Parameter #2</th><th>Parameter #3</th><th>Parameter #4</th></tr><tr class="param stripe"><td> </td><td></td><td></td><td></td></tr><tr><th colspan="4">Exception</th></tr><tr><td colspan="4"><div class="stacktrace">java.lang.AssertionError: expected [true] but found [false]
	at bank.testCases.HomeTest_001.customerService(HomeTest_001.java:64)
	at java.base/java.util.ArrayList.forEach(ArrayList.java:1596)
... Removed 29 stack frames</div></td></tr></table><p class="totop"><a href="#summary">back to summary</a></p>
<h3 id="m25">bank.testCases.HomeTest_001#customerService</h3><table class="result"><tr class="param"><th>Parameter #1</th><th>Parameter #2</th><th>Parameter #3</th><th>Parameter #4</th></tr><tr class="param stripe"><td>hinata</td><td>hinata@gmail.com</td><td></td><td></td></tr><tr><th colspan="4">Exception</th></tr><tr><td colspan="4"><div class="stacktrace">java.lang.AssertionError: expected [true] but found [false]
	at bank.testCases.HomeTest_001.customerService(HomeTest_001.java:64)
	at java.base/java.util.ArrayList.forEach(ArrayList.java:1596)
... Removed 29 stack frames</div></td></tr></table><p class="totop"><a href="#summary">back to summary</a></p>
<h3 id="m26">bank.testCases.HomeTest_001#customerService</h3><table class="result"><tr class="param"><th>Parameter #1</th><th>Parameter #2</th><th>Parameter #3</th><th>Parameter #4</th></tr><tr class="param stripe"><td>hinata</td><td></td><td>999999999</td><td>This able is not able to remember my credentials</td></tr><tr><th colspan="4">Exception</th></tr><tr><td colspan="4"><div class="stacktrace">java.lang.AssertionError: expected [true] but found [false]
	at bank.testCases.HomeTest_001.customerService(HomeTest_001.java:64)
	at java.base/java.util.ArrayList.forEach(ArrayList.java:1596)
... Removed 29 stack frames</div></td></tr></table><p class="totop"><a href="#summary">back to summary</a></p>
<h3 id="m27">bank.testCases.HomeTest_001#homeTest</h3><table class="result"><tr><th>Exception</th></tr><tr><td><div class="stacktrace">org.openqa.selenium.NoSuchElementException: no such element: Unable to locate element: {&quot;method&quot;:&quot;xpath&quot;,&quot;selector&quot;:&quot;//a[text()=&apos;Log Out&apos;]&quot;}
  (Session info: chrome=120.0.6099.227)
For documentation on this error, please visit: https://www.selenium.dev/documentation/webdriver/troubleshooting/errors#no-such-element-exception
Build info: version: &apos;4.16.1&apos;, revision: &apos;9b4c83354e&apos;
System info: os.name: &apos;Windows 11&apos;, os.arch: &apos;amd64&apos;, os.version: &apos;10.0&apos;, java.version: &apos;21&apos;
Driver info: org.openqa.selenium.chrome.ChromeDriver
Command: [002101c7993afdc83e440d2b107d7757, findElement {using=xpath, value=//a[text()=&apos;Log Out&apos;]}]
Capabilities {acceptInsecureCerts: false, browserName: chrome, browserVersion: 120.0.6099.227, chrome: {chromedriverVersion: 120.0.6099.109 (3419140ab66..., userDataDir: C:\Users\varsh\AppData\Loca...}, fedcm:accounts: true, goog:chromeOptions: {debuggerAddress: localhost:60432}, networkConnectionEnabled: false, pageLoadStrategy: normal, platformName: windows, proxy: Proxy(), se:cdp: ws://localhost:60432/devtoo..., se:cdpVersion: 120.0.6099.227, setWindowRect: true, strictFileInteractability: false, timeouts: {implicit: 0, pageLoad: 300000, script: 30000}, unhandledPromptBehavior: dismiss and notify, webauthn:extension:credBlob: true, webauthn:extension:largeBlob: true, webauthn:extension:minPinLength: true, webauthn:extension:prf: true, webauthn:virtualAuthenticators: true}
Session ID: 002101c7993afdc83e440d2b107d7757
	at org.openqa.selenium.remote.codec.w3c.W3CHttpResponseCodec.createException(W3CHttpResponseCodec.java:200)
	at org.openqa.selenium.remote.codec.w3c.W3CHttpResponseCodec.decode(W3CHttpResponseCodec.java:133)
	at org.openqa.selenium.remote.codec.w3c.W3CHttpResponseCodec.decode(W3CHttpResponseCodec.java:52)
	at org.openqa.selenium.remote.HttpCommandExecutor.execute(HttpCommandExecutor.java:191)
	at org.openqa.selenium.remote.service.DriverCommandExecutor.invokeExecute(DriverCommandExecutor.java:200)
	at org.openqa.selenium.remote.service.DriverCommandExecutor.execute(DriverCommandExecutor.java:175)
	at org.openqa.selenium.remote.RemoteWebDriver.execute(RemoteWebDriver.java:523)
	at org.openqa.selenium.remote.ElementLocation$ElementFinder$2.findElement(ElementLocation.java:165)
	at org.openqa.selenium.remote.ElementLocation.findElement(ElementLocation.java:59)
	at org.openqa.selenium.remote.RemoteWebDriver.findElement(RemoteWebDriver.java:360)
	at org.openqa.selenium.remote.RemoteWebDriver.findElement(RemoteWebDriver.java:354)
	at bank.testCases.HomeTest_001.homeTest(HomeTest_001.java:33)
	at java.base/java.util.ArrayList.forEach(ArrayList.java:1596)
... Removed 28 stack frames</div></td></tr></table><p class="totop"><a href="#summary">back to summary</a></p>
<h3 id="m28">bank.testCases.RegistrationTest_002#registrationTest</h3><table class="result"><tr class="param"><th>Parameter #1</th><th>Parameter #2</th><th>Parameter #3</th><th>Parameter #4</th><th>Parameter #5</th><th>Parameter #6</th><th>Parameter #7</th><th>Parameter #8</th><th>Parameter #9</th><th>Parameter #10</th><th>Parameter #11</th></tr><tr class="param stripe"><td>Naruto</td><td>Uzumaki</td><td>Japan</td><td>Tokyo</td><td>Shimsham</td><td>AD98IO</td><td>9999999</td><td>minato</td><td>naruto</td><td>naruto</td><td>naruto</td></tr><tr><th colspan="11">Exception</th></tr><tr><td colspan="11"><div class="stacktrace">java.lang.AssertionError: expected [true] but found [false]
	at bank.testCases.RegistrationTest_002.registrationTest(RegistrationTest_002.java:49)
	at java.base/java.util.ArrayList.forEach(ArrayList.java:1596)
... Removed 29 stack frames</div></td></tr></table><p class="totop"><a href="#summary">back to summary</a></p>
<h3 id="m29">bank.testCases.RegistrationTest_002#registrationTest</h3><table class="result"><tr class="param"><th>Parameter #1</th><th>Parameter #2</th><th>Parameter #3</th><th>Parameter #4</th><th>Parameter #5</th><th>Parameter #6</th><th>Parameter #7</th><th>Parameter #8</th><th>Parameter #9</th><th>Parameter #10</th><th>Parameter #11</th></tr><tr class="param stripe"><td>Naruto</td><td>Uzumaki</td><td>Japan</td><td>Tokyo</td><td>Shimsham</td><td>AD98IO</td><td>9999999</td><td></td><td>naruto</td><td>naruto</td><td>naruto</td></tr><tr><th colspan="11">Exception</th></tr><tr><td colspan="11"><div class="stacktrace">java.lang.AssertionError: expected [true] but found [false]
	at bank.testCases.RegistrationTest_002.registrationTest(RegistrationTest_002.java:49)
	at java.base/java.util.ArrayList.forEach(ArrayList.java:1596)
... Removed 29 stack frames</div></td></tr></table><p class="totop"><a href="#summary">back to summary</a></p>
<h3 id="m30">bank.testCases.RegistrationTest_002#registrationTest</h3><table class="result"><tr class="param"><th>Parameter #1</th><th>Parameter #2</th><th>Parameter #3</th><th>Parameter #4</th><th>Parameter #5</th><th>Parameter #6</th><th>Parameter #7</th><th>Parameter #8</th><th>Parameter #9</th><th>Parameter #10</th><th>Parameter #11</th></tr><tr class="param stripe"><td>Naruto</td><td>Uzumaki</td><td>Japan</td><td>Tokyo</td><td>Shimsham</td><td>AD98IO</td><td>9999999</td><td>minato</td><td>naruto</td><td>naruto</td><td></td></tr><tr><th colspan="11">Exception</th></tr><tr><td colspan="11"><div class="stacktrace">java.lang.AssertionError: expected [true] but found [false]
	at bank.testCases.RegistrationTest_002.registrationTest(RegistrationTest_002.java:49)
	at java.base/java.util.ArrayList.forEach(ArrayList.java:1596)
... Removed 29 stack frames</div></td></tr></table><p class="totop"><a href="#summary">back to summary</a></p>
<h3 id="m31">bank.testCases.RegistrationTest_002#registrationTest</h3><table class="result"><tr class="param"><th>Parameter #1</th><th>Parameter #2</th><th>Parameter #3</th><th>Parameter #4</th><th>Parameter #5</th><th>Parameter #6</th><th>Parameter #7</th><th>Parameter #8</th><th>Parameter #9</th><th>Parameter #10</th><th>Parameter #11</th></tr><tr class="param stripe"><td>   </td><td>   </td><td>   </td><td>   </td><td>   </td><td>   </td><td>   </td><td>   </td><td>   </td><td>   </td><td>    </td></tr><tr><th colspan="11">Exception</th></tr><tr><td colspan="11"><div class="stacktrace">java.lang.AssertionError: expected [true] but found [false]
	at bank.testCases.RegistrationTest_002.registrationTest(RegistrationTest_002.java:49)
	at java.base/java.util.ArrayList.forEach(ArrayList.java:1596)
... Removed 29 stack frames</div></td></tr></table><p class="totop"><a href="#summary">back to summary</a></p>
<h3 id="m32">bank.testCases.RegistrationTest_002#registrationTest</h3><table class="result"><tr class="param"><th>Parameter #1</th><th>Parameter #2</th><th>Parameter #3</th><th>Parameter #4</th><th>Parameter #5</th><th>Parameter #6</th><th>Parameter #7</th><th>Parameter #8</th><th>Parameter #9</th><th>Parameter #10</th><th>Parameter #11</th></tr><tr class="param stripe"><td>Naruto</td><td>Uzumaki</td><td>Japan</td><td></td><td>Shimsham</td><td>AD98IO</td><td>9999999</td><td>minato</td><td>naruto</td><td>naruto</td><td>naruto</td></tr><tr><th colspan="11">Exception</th></tr><tr><td colspan="11"><div class="stacktrace">java.lang.AssertionError: expected [true] but found [false]
	at bank.testCases.RegistrationTest_002.registrationTest(RegistrationTest_002.java:49)
	at java.base/java.util.ArrayList.forEach(ArrayList.java:1596)
... Removed 29 stack frames</div></td></tr></table><p class="totop"><a href="#summary">back to summary</a></p>
<h3 id="m33">bank.testCases.RegistrationTest_002#registrationTest</h3><table class="result"><tr class="param"><th>Parameter #1</th><th>Parameter #2</th><th>Parameter #3</th><th>Parameter #4</th><th>Parameter #5</th><th>Parameter #6</th><th>Parameter #7</th><th>Parameter #8</th><th>Parameter #9</th><th>Parameter #10</th><th>Parameter #11</th></tr><tr class="param stripe"><td>Naruto</td><td>Uzumaki</td><td>Japan</td><td>Tokyo</td><td></td><td>AD98IO</td><td>9999999</td><td>minato</td><td>naruto</td><td>naruto</td><td>naruto</td></tr><tr><th colspan="11">Exception</th></tr><tr><td colspan="11"><div class="stacktrace">java.lang.AssertionError: expected [true] but found [false]
	at bank.testCases.RegistrationTest_002.registrationTest(RegistrationTest_002.java:49)
	at java.base/java.util.ArrayList.forEach(ArrayList.java:1596)
... Removed 29 stack frames</div></td></tr></table><p class="totop"><a href="#summary">back to summary</a></p>
<h3 id="m34">bank.testCases.RegistrationTest_002#registrationTest</h3><table class="result"><tr class="param"><th>Parameter #1</th><th>Parameter #2</th><th>Parameter #3</th><th>Parameter #4</th><th>Parameter #5</th><th>Parameter #6</th><th>Parameter #7</th><th>Parameter #8</th><th>Parameter #9</th><th>Parameter #10</th><th>Parameter #11</th></tr><tr class="param stripe"><td>Naruto</td><td>Uzumaki</td><td>Japan</td><td>Tokyo</td><td>Shimsham</td><td>AD98IO</td><td>9999999</td><td>minato</td><td>naruto</td><td></td><td>naruto</td></tr><tr><th colspan="11">Exception</th></tr><tr><td colspan="11"><div class="stacktrace">java.lang.AssertionError: expected [true] but found [false]
	at bank.testCases.RegistrationTest_002.registrationTest(RegistrationTest_002.java:49)
	at java.base/java.util.ArrayList.forEach(ArrayList.java:1596)
... Removed 29 stack frames</div></td></tr></table><p class="totop"><a href="#summary">back to summary</a></p>
<h3 id="m35">bank.testCases.RegistrationTest_002#registrationTest</h3><table class="result"><tr class="param"><th>Parameter #1</th><th>Parameter #2</th><th>Parameter #3</th><th>Parameter #4</th><th>Parameter #5</th><th>Parameter #6</th><th>Parameter #7</th><th>Parameter #8</th><th>Parameter #9</th><th>Parameter #10</th><th>Parameter #11</th></tr><tr class="param stripe"><td>Naruto</td><td>Uzumaki</td><td></td><td>Tokyo</td><td>Shimsham</td><td>AD98IO</td><td>9999999</td><td>minato</td><td>naruto</td><td>naruto</td><td>naruto</td></tr><tr><th colspan="11">Exception</th></tr><tr><td colspan="11"><div class="stacktrace">java.lang.AssertionError: expected [true] but found [false]
	at bank.testCases.RegistrationTest_002.registrationTest(RegistrationTest_002.java:49)
	at java.base/java.util.ArrayList.forEach(ArrayList.java:1596)
... Removed 29 stack frames</div></td></tr></table><p class="totop"><a href="#summary">back to summary</a></p>
<h3 id="m36">bank.testCases.RegistrationTest_002#registrationTest</h3><table class="result"><tr class="param"><th>Parameter #1</th><th>Parameter #2</th><th>Parameter #3</th><th>Parameter #4</th><th>Parameter #5</th><th>Parameter #6</th><th>Parameter #7</th><th>Parameter #8</th><th>Parameter #9</th><th>Parameter #10</th><th>Parameter #11</th></tr><tr class="param stripe"><td>Naruto</td><td>Uzumaki</td><td>Japan</td><td>Tokyo</td><td>Shimsham</td><td>AD98IO</td><td>9999999</td><td>minato</td><td></td><td>naruto</td><td>naruto</td></tr><tr><th colspan="11">Exception</th></tr><tr><td colspan="11"><div class="stacktrace">java.lang.AssertionError: expected [true] but found [false]
	at bank.testCases.RegistrationTest_002.registrationTest(RegistrationTest_002.java:49)
	at java.base/java.util.ArrayList.forEach(ArrayList.java:1596)
... Removed 29 stack frames</div></td></tr></table><p class="totop"><a href="#summary">back to summary</a></p>
<h3 id="m37">bank.testCases.RegistrationTest_002#registrationTest</h3><table class="result"><tr class="param"><th>Parameter #1</th><th>Parameter #2</th><th>Parameter #3</th><th>Parameter #4</th><th>Parameter #5</th><th>Parameter #6</th><th>Parameter #7</th><th>Parameter #8</th><th>Parameter #9</th><th>Parameter #10</th><th>Parameter #11</th></tr><tr class="param stripe"><td>Naruto1</td><td>Uzumaki</td><td>Japan1</td><td>Tokyo</td><td>Shimsham</td><td>AD98IO</td><td>9999999</td><td>minato</td><td>naruto</td><td>naruto</td><td>naruto</td></tr><tr><th colspan="11">Exception</th></tr><tr><td colspan="11"><div class="stacktrace">org.openqa.selenium.NoSuchElementException: no such element: Unable to locate element: {&quot;method&quot;:&quot;xpath&quot;,&quot;selector&quot;:&quot;//a[text()=&apos;Register&apos;]&quot;}
  (Session info: chrome=120.0.6099.227)
For documentation on this error, please visit: https://www.selenium.dev/documentation/webdriver/troubleshooting/errors#no-such-element-exception
Build info: version: &apos;4.16.1&apos;, revision: &apos;9b4c83354e&apos;
System info: os.name: &apos;Windows 11&apos;, os.arch: &apos;amd64&apos;, os.version: &apos;10.0&apos;, java.version: &apos;21&apos;
Driver info: org.openqa.selenium.chrome.ChromeDriver
Command: [74b32ab2b23b4c18be499a9e9286893a, findElement {using=xpath, value=//a[text()=&apos;Register&apos;]}]
Capabilities {acceptInsecureCerts: false, browserName: chrome, browserVersion: 120.0.6099.227, chrome: {chromedriverVersion: 120.0.6099.109 (3419140ab66..., userDataDir: C:\Users\varsh\AppData\Loca...}, fedcm:accounts: true, goog:chromeOptions: {debuggerAddress: localhost:60892}, networkConnectionEnabled: false, pageLoadStrategy: normal, platformName: windows, proxy: Proxy(), se:cdp: ws://localhost:60892/devtoo..., se:cdpVersion: 120.0.6099.227, setWindowRect: true, strictFileInteractability: false, timeouts: {implicit: 0, pageLoad: 300000, script: 30000}, unhandledPromptBehavior: dismiss and notify, webauthn:extension:credBlob: true, webauthn:extension:largeBlob: true, webauthn:extension:minPinLength: true, webauthn:extension:prf: true, webauthn:virtualAuthenticators: true}
Session ID: 74b32ab2b23b4c18be499a9e9286893a
	at org.openqa.selenium.remote.codec.w3c.W3CHttpResponseCodec.createException(W3CHttpResponseCodec.java:200)
	at org.openqa.selenium.remote.codec.w3c.W3CHttpResponseCodec.decode(W3CHttpResponseCodec.java:133)
	at org.openqa.selenium.remote.codec.w3c.W3CHttpResponseCodec.decode(W3CHttpResponseCodec.java:52)
	at org.openqa.selenium.remote.HttpCommandExecutor.execute(HttpCommandExecutor.java:191)
	at org.openqa.selenium.remote.service.DriverCommandExecutor.invokeExecute(DriverCommandExecutor.java:200)
	at org.openqa.selenium.remote.service.DriverCommandExecutor.execute(DriverCommandExecutor.java:175)
	at org.openqa.selenium.remote.RemoteWebDriver.execute(RemoteWebDriver.java:523)
	at org.openqa.selenium.remote.ElementLocation$ElementFinder$2.findElement(ElementLocation.java:165)
	at org.openqa.selenium.remote.ElementLocation.findElement(ElementLocation.java:59)
	at org.openqa.selenium.remote.RemoteWebDriver.findElement(RemoteWebDriver.java:360)
	at org.openqa.selenium.remote.RemoteWebDriver.findElement(RemoteWebDriver.java:354)
	at org.openqa.selenium.support.pagefactory.DefaultElementLocator.findElement(DefaultElementLocator.java:68)
	at org.openqa.selenium.support.pagefactory.internal.LocatingElementHandler.invoke(LocatingElementHandler.java:38)
	at jdk.proxy2/jdk.proxy2.$Proxy30.click(Unknown Source)
	at bank.pagesObjects.HomePage.registration(HomePage.java:95)
	at bank.testCases.RegistrationTest_002.registrationTest(RegistrationTest_002.java:24)
	at java.base/java.util.ArrayList.forEach(ArrayList.java:1596)
... Removed 28 stack frames</div></td></tr></table><p class="totop"><a href="#summary">back to summary</a></p>
<h3 id="m38">bank.testCases.RegistrationTest_002#registrationTest</h3><table class="result"><tr class="param"><th>Parameter #1</th><th>Parameter #2</th><th>Parameter #3</th><th>Parameter #4</th><th>Parameter #5</th><th>Parameter #6</th><th>Parameter #7</th><th>Parameter #8</th><th>Parameter #9</th><th>Parameter #10</th><th>Parameter #11</th></tr><tr class="param stripe"><td>Naruto</td><td>Uzumaki</td><td>Japan</td><td>Tokyo</td><td>Shimsham</td><td>AD98IO</td><td></td><td>minato</td><td>naruto</td><td>naruto</td><td>naruto</td></tr><tr><th colspan="11">Exception</th></tr><tr><td colspan="11"><div class="stacktrace">java.lang.AssertionError: expected [true] but found [false]
	at bank.testCases.RegistrationTest_002.registrationTest(RegistrationTest_002.java:49)
	at java.base/java.util.ArrayList.forEach(ArrayList.java:1596)
... Removed 29 stack frames</div></td></tr></table><p class="totop"><a href="#summary">back to summary</a></p>
<h3 id="m39">bank.testCases.RegistrationTest_002#registrationTest</h3><table class="result"><tr class="param"><th>Parameter #1</th><th>Parameter #2</th><th>Parameter #3</th><th>Parameter #4</th><th>Parameter #5</th><th>Parameter #6</th><th>Parameter #7</th><th>Parameter #8</th><th>Parameter #9</th><th>Parameter #10</th><th>Parameter #11</th></tr><tr class="param stripe"><td>Naruto</td><td>Uzumaki</td><td>Japan</td><td>Tokyo</td><td>Shimsham</td><td></td><td>9999999</td><td>minato</td><td>naruto</td><td>naruto</td><td>naruto</td></tr><tr><th colspan="11">Exception</th></tr><tr><td colspan="11"><div class="stacktrace">java.lang.AssertionError: expected [true] but found [false]
	at bank.testCases.RegistrationTest_002.registrationTest(RegistrationTest_002.java:49)
	at java.base/java.util.ArrayList.forEach(ArrayList.java:1596)
... Removed 29 stack frames</div></td></tr></table><p class="totop"><a href="#summary">back to summary</a></p>
<h3 id="m40">bank.testCases.RegistrationTest_002#registrationTest</h3><table class="result"><tr class="param"><th>Parameter #1</th><th>Parameter #2</th><th>Parameter #3</th><th>Parameter #4</th><th>Parameter #5</th><th>Parameter #6</th><th>Parameter #7</th><th>Parameter #8</th><th>Parameter #9</th><th>Parameter #10</th><th>Parameter #11</th></tr><tr class="param stripe"><td>Naruto</td><td>Uzumaki</td><td>Japan</td><td>Tokyo</td><td>Shimsham</td><td>AD98IO</td><td>9999999</td><td>minato</td><td>naruto</td><td>naruto</td><td>naruto</td></tr><tr><th colspan="11">Exception</th></tr><tr><td colspan="11"><div class="stacktrace">java.lang.AssertionError: expected [true] but found [false]
	at bank.testCases.RegistrationTest_002.registrationTest(RegistrationTest_002.java:49)
	at java.base/java.util.ArrayList.forEach(ArrayList.java:1596)
... Removed 29 stack frames</div></td></tr></table><p class="totop"><a href="#summary">back to summary</a></p>
<h3 id="m41">bank.testCases.RegistrationTest_002#registrationTest</h3><table class="result"><tr class="param"><th>Parameter #1</th><th>Parameter #2</th><th>Parameter #3</th><th>Parameter #4</th><th>Parameter #5</th><th>Parameter #6</th><th>Parameter #7</th><th>Parameter #8</th><th>Parameter #9</th><th>Parameter #10</th><th>Parameter #11</th></tr><tr class="param stripe"><td>Naruto</td><td></td><td>Japan</td><td>Tokyo</td><td>Shimsham</td><td>AD98IO</td><td>9999999</td><td>minato</td><td>naruto</td><td>naruto</td><td>naruto</td></tr><tr><th colspan="11">Exception</th></tr><tr><td colspan="11"><div class="stacktrace">java.lang.AssertionError: expected [true] but found [false]
	at bank.testCases.RegistrationTest_002.registrationTest(RegistrationTest_002.java:49)
	at java.base/java.util.ArrayList.forEach(ArrayList.java:1596)
... Removed 29 stack frames</div></td></tr></table><p class="totop"><a href="#summary">back to summary</a></p>
<h3 id="m42">bank.testCases.RegistrationTest_002#registrationTest</h3><table class="result"><tr class="param"><th>Parameter #1</th><th>Parameter #2</th><th>Parameter #3</th><th>Parameter #4</th><th>Parameter #5</th><th>Parameter #6</th><th>Parameter #7</th><th>Parameter #8</th><th>Parameter #9</th><th>Parameter #10</th><th>Parameter #11</th></tr><tr class="param stripe"><td></td><td></td><td></td><td></td><td></td><td></td><td></td><td></td><td></td><td></td><td></td></tr><tr><th colspan="11">Exception</th></tr><tr><td colspan="11"><div class="stacktrace">org.openqa.selenium.NoSuchElementException: no such element: Unable to locate element: {&quot;method&quot;:&quot;xpath&quot;,&quot;selector&quot;:&quot;//a[text()=&apos;Register&apos;]&quot;}
  (Session info: chrome=120.0.6099.227)
For documentation on this error, please visit: https://www.selenium.dev/documentation/webdriver/troubleshooting/errors#no-such-element-exception
Build info: version: &apos;4.16.1&apos;, revision: &apos;9b4c83354e&apos;
System info: os.name: &apos;Windows 11&apos;, os.arch: &apos;amd64&apos;, os.version: &apos;10.0&apos;, java.version: &apos;21&apos;
Driver info: org.openqa.selenium.chrome.ChromeDriver
Command: [74b32ab2b23b4c18be499a9e9286893a, findElement {using=xpath, value=//a[text()=&apos;Register&apos;]}]
Capabilities {acceptInsecureCerts: false, browserName: chrome, browserVersion: 120.0.6099.227, chrome: {chromedriverVersion: 120.0.6099.109 (3419140ab66..., userDataDir: C:\Users\varsh\AppData\Loca...}, fedcm:accounts: true, goog:chromeOptions: {debuggerAddress: localhost:60892}, networkConnectionEnabled: false, pageLoadStrategy: normal, platformName: windows, proxy: Proxy(), se:cdp: ws://localhost:60892/devtoo..., se:cdpVersion: 120.0.6099.227, setWindowRect: true, strictFileInteractability: false, timeouts: {implicit: 0, pageLoad: 300000, script: 30000}, unhandledPromptBehavior: dismiss and notify, webauthn:extension:credBlob: true, webauthn:extension:largeBlob: true, webauthn:extension:minPinLength: true, webauthn:extension:prf: true, webauthn:virtualAuthenticators: true}
Session ID: 74b32ab2b23b4c18be499a9e9286893a
	at org.openqa.selenium.remote.codec.w3c.W3CHttpResponseCodec.createException(W3CHttpResponseCodec.java:200)
	at org.openqa.selenium.remote.codec.w3c.W3CHttpResponseCodec.decode(W3CHttpResponseCodec.java:133)
	at org.openqa.selenium.remote.codec.w3c.W3CHttpResponseCodec.decode(W3CHttpResponseCodec.java:52)
	at org.openqa.selenium.remote.HttpCommandExecutor.execute(HttpCommandExecutor.java:191)
	at org.openqa.selenium.remote.service.DriverCommandExecutor.invokeExecute(DriverCommandExecutor.java:200)
	at org.openqa.selenium.remote.service.DriverCommandExecutor.execute(DriverCommandExecutor.java:175)
	at org.openqa.selenium.remote.RemoteWebDriver.execute(RemoteWebDriver.java:523)
	at org.openqa.selenium.remote.ElementLocation$ElementFinder$2.findElement(ElementLocation.java:165)
	at org.openqa.selenium.remote.ElementLocation.findElement(ElementLocation.java:59)
	at org.openqa.selenium.remote.RemoteWebDriver.findElement(RemoteWebDriver.java:360)
	at org.openqa.selenium.remote.RemoteWebDriver.findElement(RemoteWebDriver.java:354)
	at org.openqa.selenium.support.pagefactory.DefaultElementLocator.findElement(DefaultElementLocator.java:68)
	at org.openqa.selenium.support.pagefactory.internal.LocatingElementHandler.invoke(LocatingElementHandler.java:38)
	at jdk.proxy2/jdk.proxy2.$Proxy30.click(Unknown Source)
	at bank.pagesObjects.HomePage.registration(HomePage.java:95)
	at bank.testCases.RegistrationTest_002.registrationTest(RegistrationTest_002.java:24)
	at java.base/java.util.ArrayList.forEach(ArrayList.java:1596)
... Removed 28 stack frames</div></td></tr></table><p class="totop"><a href="#summary">back to summary</a></p>
<h3 id="m43">bank.testCases.RequestLoanTest_011#requestLoan</h3><table class="result"><tr class="param"><th>Parameter #1</th><th>Parameter #2</th></tr><tr class="param stripe"><td>11</td><td>1000000</td></tr><tr><th colspan="2">Exception</th></tr><tr><td colspan="2"><div class="stacktrace">java.lang.AssertionError: expected [true] but found [false]
	at bank.testCases.RequestLoanTest_011.requestLoan(RequestLoanTest_011.java:52)
	at java.base/java.util.ArrayList.forEach(ArrayList.java:1596)
... Removed 29 stack frames</div></td></tr></table><p class="totop"><a href="#summary">back to summary</a></p>
<h3 id="m44">bank.testCases.RequestLoanTest_011#requestLoan</h3><table class="result"><tr class="param"><th>Parameter #1</th><th>Parameter #2</th></tr><tr class="param stripe"><td>100000000</td><td>1000000</td></tr><tr><th colspan="2">Exception</th></tr><tr><td colspan="2"><div class="stacktrace">java.lang.AssertionError: expected [true] but found [false]
	at bank.testCases.RequestLoanTest_011.requestLoan(RequestLoanTest_011.java:52)
	at java.base/java.util.ArrayList.forEach(ArrayList.java:1596)
... Removed 29 stack frames</div></td></tr></table><p class="totop"><a href="#summary">back to summary</a></p>
<h3 id="m45">bank.testCases.RequestLoanTest_011#requestLoan</h3><table class="result"><tr class="param"><th>Parameter #1</th><th>Parameter #2</th></tr><tr class="param stripe"><td>-100000000</td><td>-1000000</td></tr><tr><th colspan="2">Exception</th></tr><tr><td colspan="2"><div class="stacktrace">java.lang.AssertionError: expected [true] but found [false]
	at bank.testCases.RequestLoanTest_011.requestLoan(RequestLoanTest_011.java:52)
	at java.base/java.util.ArrayList.forEach(ArrayList.java:1596)
... Removed 29 stack frames</div></td></tr></table><p class="totop"><a href="#summary">back to summary</a></p>
<h3 id="m46">bank.testCases.RequestLoanTest_011#requestLoan</h3><table class="result"><tr class="param"><th>Parameter #1</th><th>Parameter #2</th></tr><tr class="param stripe"><td>-100</td><td>100</td></tr><tr><th colspan="2">Exception</th></tr><tr><td colspan="2"><div class="stacktrace">java.lang.AssertionError: expected [true] but found [false]
	at bank.testCases.RequestLoanTest_011.requestLoan(RequestLoanTest_011.java:52)
	at java.base/java.util.ArrayList.forEach(ArrayList.java:1596)
... Removed 29 stack frames</div></td></tr></table><p class="totop"><a href="#summary">back to summary</a></p>
<h3 id="m47">bank.testCases.TransferFundsTest_007#transferFunds</h3><table class="result"><tr class="param"><th>Parameter #1</th></tr><tr class="param stripe"><td>-2</td></tr><tr><th>Exception</th></tr><tr><td><div class="stacktrace">java.lang.AssertionError: expected [true] but found [false]
	at bank.testCases.TransferFundsTest_007.transferFunds(TransferFundsTest_007.java:53)
	at java.base/java.util.ArrayList.forEach(ArrayList.java:1596)
... Removed 29 stack frames</div></td></tr></table><p class="totop"><a href="#summary">back to summary</a></p>
<h3 id="m48">bank.testCases.AccountsOverviewTest_006#accountsOverview</h3><table class="result"><tr><th class="invisible"/></tr></table><p class="totop"><a href="#summary">back to summary</a></p>
<h3 id="m49">bank.testCases.BillPaymentTest_008#billTest</h3><table class="result"><tr class="param"><th>Parameter #1</th><th>Parameter #2</th><th>Parameter #3</th><th>Parameter #4</th><th>Parameter #5</th><th>Parameter #6</th><th>Parameter #7</th><th>Parameter #8</th><th>Parameter #9</th></tr><tr class="param stripe"><td>Itachi</td><td>Street12</td><td>Tokyo</td><td>Delhi</td><td>234GF5</td><td>9865321470</td><td>8901093</td><td>8901093</td><td>1000</td></tr></table><p class="totop"><a href="#summary">back to summary</a></p>
<h3 id="m50">bank.testCases.CustomerLoginTest_004#cutomerLogin</h3><table class="result"><tr class="param"><th>Parameter #1</th><th>Parameter #2</th></tr><tr class="param stripe"><td>naruto</td><td>naruto</td></tr></table><p class="totop"><a href="#summary">back to summary</a></p>
<h3 id="m51">bank.testCases.FindTransactions_009#transactions</h3><table class="result"><tr><th class="invisible"/></tr></table><p class="totop"><a href="#summary">back to summary</a></p>
<h3 id="m52">bank.testCases.HomeTest_001#customerService</h3><table class="result"><tr class="param"><th>Parameter #1</th><th>Parameter #2</th><th>Parameter #3</th><th>Parameter #4</th></tr><tr class="param stripe"><td>12345#@$</td><td>#$%^$^</td><td>*(*&amp;09</td><td>*(*&amp;NHJGJ</td></tr></table><p class="totop"><a href="#summary">back to summary</a></p>
<h3 id="m53">bank.testCases.HomeTest_001#customerService</h3><table class="result"><tr class="param"><th>Parameter #1</th><th>Parameter #2</th><th>Parameter #3</th><th>Parameter #4</th></tr><tr class="param stripe"><td>hinata</td><td>hinata@gmail.com</td><td>99999999</td><td>This able is not able to remember my credentials</td></tr></table><p class="totop"><a href="#summary">back to summary</a></p>
<h3 id="m54">bank.testCases.HomeTest_001#customerService</h3><table class="result"><tr class="param"><th>Parameter #1</th><th>Parameter #2</th><th>Parameter #3</th><th>Parameter #4</th></tr><tr class="param stripe"><td>hinata</td><td>hinata</td><td>999999999</td><td>This able is not able to remember my credentials</td></tr></table><p class="totop"><a href="#summary">back to summary</a></p>
<h3 id="m55">bank.testCases.HomeTest_001#customerService</h3><table class="result"><tr class="param"><th>Parameter #1</th><th>Parameter #2</th><th>Parameter #3</th><th>Parameter #4</th></tr><tr class="param stripe"><td>   </td><td>   </td><td>  </td><td>  </td></tr></table><p class="totop"><a href="#summary">back to summary</a></p>
<h3 id="m56">bank.testCases.OpenNewAcc_005#openNewAccount</h3><table class="result"><tr><th class="invisible"/></tr></table><p class="totop"><a href="#summary">back to summary</a></p>
<h3 id="m57">bank.testCases.RequestLoanTest_011#logout</h3><table class="result"><tr><th class="invisible"/></tr></table><p class="totop"><a href="#summary">back to summary</a></p>
<h3 id="m58">bank.testCases.RequestLoanTest_011#requestLoan</h3><table class="result"><tr class="param"><th>Parameter #1</th><th>Parameter #2</th></tr><tr class="param stripe"><td>1000</td><td>100</td></tr></table><p class="totop"><a href="#summary">back to summary</a></p>
<h3 id="m59">bank.testCases.TransferFundsTest_007#transferFunds</h3><table class="result"><tr class="param"><th>Parameter #1</th></tr><tr class="param stripe"><td>2500000</td></tr></table><p class="totop"><a href="#summary">back to summary</a></p>
<h3 id="m60">bank.testCases.TransferFundsTest_007#transferFunds</h3><table class="result"><tr class="param"><th>Parameter #1</th></tr><tr class="param stripe"><td>2</td></tr></table><p class="totop"><a href="#summary">back to summary</a></p>
<h3 id="m61">bank.testCases.TransferFundsTest_007#transferFunds</h3><table class="result"><tr class="param"><th>Parameter #1</th></tr><tr class="param stripe"><td>10000</td></tr></table><p class="totop"><a href="#summary">back to summary</a></p>
<h3 id="m62">bank.testCases.UpdateProfileTest_010#updateProfileTest</h3><table class="result"><tr class="param"><th>Parameter #1</th><th>Parameter #2</th><th>Parameter #3</th><th>Parameter #4</th><th>Parameter #5</th><th>Parameter #6</th><th>Parameter #7</th></tr><tr class="param stripe"><td>Tom</td><td></td><td>24 D,xyz</td><td>Miami</td><td>  </td><td>897YH3</td><td>  </td></tr></table><p class="totop"><a href="#summary">back to summary</a></p>
<h3 id="m63">bank.testCases.UpdateProfileTest_010#updateProfileTest</h3><table class="result"><tr class="param"><th>Parameter #1</th><th>Parameter #2</th><th>Parameter #3</th><th>Parameter #4</th><th>Parameter #5</th><th>Parameter #6</th><th>Parameter #7</th></tr><tr class="param stripe"><td>Dexter</td><td>  </td><td>24 D,xyz</td><td>  </td><td>Delhi</td><td>789DE2</td><td>   </td></tr></table><p class="totop"><a href="#summary">back to summary</a></p>
<h3 id="m64">bank.testCases.UpdateProfileTest_010#updateProfileTest</h3><table class="result"><tr class="param"><th>Parameter #1</th><th>Parameter #2</th><th>Parameter #3</th><th>Parameter #4</th><th>Parameter #5</th><th>Parameter #6</th><th>Parameter #7</th></tr><tr class="param stripe"><td>Dexter</td><td>John</td><td>24 D,xyz</td><td>Miami</td><td>Delhi</td><td>789DE2</td><td>9999999999</td></tr></table><p class="totop"><a href="#summary">back to summary</a></p>
<h3 id="m65">bank.testCases.UpdateProfileTest_010#updateProfileTest</h3><table class="result"><tr class="param"><th>Parameter #1</th><th>Parameter #2</th><th>Parameter #3</th><th>Parameter #4</th><th>Parameter #5</th><th>Parameter #6</th><th>Parameter #7</th></tr><tr class="param stripe"><td>Dexter</td><td>  </td><td>24 D,xyz</td><td>  </td><td>Delhi</td><td></td><td>9865320147</td></tr></table><p class="totop"><a href="#summary">back to summary</a></p>
<h3 id="m66">bank.testCases.UpdateProfileTest_010#updateProfileTest</h3><table class="result"><tr class="param"><th>Parameter #1</th><th>Parameter #2</th><th>Parameter #3</th><th>Parameter #4</th><th>Parameter #5</th><th>Parameter #6</th><th>Parameter #7</th></tr><tr class="param stripe"><td>Sam</td><td>John</td><td>2456 D,xyz</td><td>Mizori</td><td>Delhi</td><td>789DE2</td><td>9999999999</td></tr></table><p class="totop"><a href="#summary">back to summary</a></p>
<h3 id="m67">bank.testCases.UpdateProfileTest_010#updateProfileTest</h3><table class="result"><tr class="param"><th>Parameter #1</th><th>Parameter #2</th><th>Parameter #3</th><th>Parameter #4</th><th>Parameter #5</th><th>Parameter #6</th><th>Parameter #7</th></tr><tr class="param stripe"><td>Dexter</td><td>John</td><td>24 D,xyz</td><td>Miami</td><td></td><td>789DE2</td><td></td></tr></table><p class="totop"><a href="#summary">back to summary</a></p>
</body>
</html>
